2020-12-02T16:05:15.164+0330 ERROR start
2020-12-02T16:05:15.795+0330 INFO Starting ServiceEventDeliveryApplication using Java 1.8.0_231 on P-Myarzaman with PID 7740 (C:\Users\m.yarzaman\IdeaProjects\service-event-delivery\target\classes started by m.yarzaman in C:\Users\m.yarzaman\IdeaProjects\service-event-delivery)
2020-12-02T16:05:15.795+0330 INFO No active profile set, falling back to default profiles: default
2020-12-02T16:05:18.955+0330 INFO Started ServiceEventDeliveryApplication in 3.627 seconds (JVM running for 5.141)
2020-12-02T16:06:18.405+0330 ERROR start
2020-12-02T16:31:30.073+0330 ERROR start
2020-12-02T16:32:30.076+0330 ERROR start
2020-12-02T17:31:34.494+0330 ERROR start
2020-12-02T17:41:10.778+0330 ERROR start
2020-12-02T17:43:01.814+0330 ERROR start
2020-12-02T17:48:38.573+0330 ERROR start
2020-12-02T17:51:15.182+0330 ERROR start
2020-12-02T17:55:25.965+0330 ERROR start
2020-12-02T17:59:59.536+0330 ERROR start
2020-12-02T18:03:17.319+0330 ERROR start
2020-12-02T18:04:15.142+0330 ERROR start
2020-12-02T18:13:48.778+0330 ERROR start
2020-12-02T18:15:24.846+0330 ERROR start
2020-12-02T18:19:08.665+0330 ERROR start
2020-12-02T18:22:37.093+0330 ERROR start
2020-12-02T18:30:05.744+0330 ERROR start
2020-12-02T18:31:31.051+0330 ERROR start
2020-12-05T10:37:05.809+0330 ERROR record not found for this id: 2
2020-12-05T10:37:05.809+0330 ERROR record not found for this id: 3
2020-12-05T10:37:05.825+0330 ERROR record not found for this id: 4
2020-12-05T10:37:05.825+0330 ERROR record not found for this id: 5
2020-12-05T10:37:05.825+0330 ERROR record not found for this id: 6
2020-12-05T10:37:05.825+0330 ERROR record not found for this id: 7
2020-12-05T10:37:05.841+0330 ERROR record not found for this id: 8
2020-12-05T10:37:05.841+0330 ERROR record not found for this id: 9
2020-12-05T10:37:05.841+0330 ERROR record not found for this id: 10
2020-12-05T10:37:05.856+0330 ERROR record not found for this id: 11
2020-12-05T10:37:05.856+0330 ERROR record not found for this id: 12
2020-12-05T10:37:05.856+0330 ERROR record not found for this id: 13
2020-12-05T10:37:05.872+0330 ERROR record not found for this id: 14
2020-12-05T10:37:05.872+0330 ERROR record not found for this id: 15
2020-12-05T10:37:05.888+0330 ERROR record not found for this id: 16
2020-12-05T10:37:05.888+0330 ERROR record not found for this id: 17
2020-12-05T10:37:05.903+0330 ERROR record not found for this id: 18
2020-12-05T10:37:05.919+0330 ERROR record not found for this id: 19
2020-12-05T10:37:05.919+0330 ERROR record not found for this id: 20
2020-12-05T10:37:05.934+0330 ERROR record not found for this id: 21
2020-12-05T10:37:05.950+0330 ERROR record not found for this id: 23
2020-12-05T10:37:05.966+0330 ERROR record not found for this id: 24
2020-12-05T10:37:05.966+0330 ERROR record not found for this id: 25
2020-12-05T10:37:05.966+0330 ERROR record not found for this id: 26
2020-12-05T10:37:05.981+0330 ERROR record not found for this id: 27
2020-12-05T10:37:05.997+0330 ERROR record not found for this id: 29
2020-12-05T10:37:05.997+0330 ERROR record not found for this id: 30
2020-12-05T10:37:06.013+0330 ERROR record not found for this id: 31
2020-12-05T10:37:06.013+0330 ERROR record not found for this id: 32
2020-12-05T10:37:06.013+0330 ERROR record not found for this id: 33
2020-12-05T10:37:06.028+0330 ERROR record not found for this id: 34
2020-12-05T10:37:06.028+0330 ERROR record not found for this id: 35
2020-12-05T10:37:06.028+0330 ERROR record not found for this id: 36
2020-12-05T10:37:06.044+0330 ERROR record not found for this id: 37
2020-12-05T10:37:06.044+0330 ERROR record not found for this id: 38
2020-12-05T10:37:06.044+0330 ERROR record not found for this id: 39
2020-12-05T10:37:06.059+0330 ERROR record not found for this id: 40
2020-12-05T10:37:06.137+0330 ERROR record not found for this id: 46
2020-12-05T10:37:06.153+0330 ERROR record not found for this id: 47
2020-12-05T10:37:06.169+0330 ERROR record not found for this id: 48
2020-12-05T10:37:06.169+0330 ERROR record not found for this id: 49
2020-12-05T10:37:06.169+0330 ERROR record not found for this id: 50
2020-12-05T10:37:06.184+0330 ERROR record not found for this id: 51
2020-12-05T10:37:06.184+0330 ERROR record not found for this id: 52
2020-12-05T10:37:06.184+0330 ERROR record not found for this id: 53
2020-12-05T10:37:06.200+0330 ERROR record not found for this id: 54
2020-12-05T10:37:06.200+0330 ERROR record not found for this id: 55
2020-12-05T10:37:06.216+0330 ERROR record not found for this id: 56
2020-12-05T10:37:06.231+0330 ERROR record not found for this id: 57
2020-12-05T10:37:06.231+0330 ERROR record not found for this id: 58
2020-12-05T10:37:06.247+0330 ERROR record not found for this id: 59
2020-12-05T10:37:06.247+0330 ERROR record not found for this id: 60
2020-12-05T10:37:06.294+0330 ERROR record not found for this id: 64
2020-12-05T10:37:06.294+0330 ERROR record not found for this id: 65
2020-12-05T10:37:06.309+0330 ERROR record not found for this id: 66
2020-12-05T10:37:06.309+0330 ERROR record not found for this id: 67
2020-12-05T10:37:06.309+0330 ERROR record not found for this id: 68
2020-12-05T10:37:06.325+0330 ERROR record not found for this id: 69
2020-12-05T10:37:06.325+0330 ERROR record not found for this id: 70
2020-12-05T10:37:06.340+0330 ERROR record not found for this id: 71
2020-12-05T10:37:06.340+0330 ERROR record not found for this id: 72
2020-12-05T10:37:06.340+0330 ERROR record not found for this id: 73
2020-12-05T10:37:06.356+0330 ERROR record not found for this id: 74
2020-12-05T10:37:06.356+0330 ERROR record not found for this id: 75
2020-12-05T10:37:06.356+0330 ERROR record not found for this id: 76
2020-12-05T10:37:06.372+0330 ERROR record not found for this id: 77
2020-12-05T10:37:06.372+0330 ERROR record not found for this id: 78
2020-12-05T10:37:06.372+0330 ERROR record not found for this id: 79
2020-12-05T10:37:06.387+0330 ERROR record not found for this id: 80
2020-12-05T10:37:06.403+0330 ERROR record not found for this id: 83
2020-12-05T10:37:06.403+0330 ERROR record not found for this id: 84
2020-12-05T10:37:06.419+0330 ERROR record not found for this id: 85
2020-12-05T10:37:06.419+0330 ERROR record not found for this id: 86
2020-12-05T10:37:06.419+0330 ERROR record not found for this id: 87
2020-12-05T10:37:06.434+0330 ERROR record not found for this id: 88
2020-12-05T10:37:06.434+0330 ERROR record not found for this id: 89
2020-12-05T10:37:06.450+0330 ERROR record not found for this id: 90
2020-12-05T10:37:06.450+0330 ERROR record not found for this id: 91
2020-12-05T10:37:06.450+0330 ERROR record not found for this id: 92
2020-12-05T10:37:06.465+0330 ERROR record not found for this id: 93
2020-12-05T10:37:06.465+0330 ERROR record not found for this id: 94
2020-12-05T10:37:06.465+0330 ERROR record not found for this id: 95
2020-12-05T10:37:06.481+0330 ERROR record not found for this id: 96
2020-12-05T10:37:06.481+0330 ERROR record not found for this id: 97
2020-12-05T10:37:06.481+0330 ERROR record not found for this id: 98
2020-12-05T10:37:06.497+0330 ERROR record not found for this id: 99
2020-12-05T10:37:06.497+0330 ERROR record not found for this id: 100
2020-12-05T10:37:06.512+0330 ERROR record not found for this id: 102
2020-12-05T10:37:06.512+0330 ERROR record not found for this id: 103
2020-12-05T10:37:06.528+0330 ERROR record not found for this id: 104
2020-12-05T10:37:06.528+0330 ERROR record not found for this id: 105
2020-12-05T10:37:06.544+0330 ERROR record not found for this id: 106
2020-12-05T10:37:06.544+0330 ERROR record not found for this id: 107
2020-12-05T10:37:06.559+0330 ERROR record not found for this id: 108
2020-12-05T10:37:06.559+0330 ERROR record not found for this id: 109
2020-12-05T10:37:06.559+0330 ERROR record not found for this id: 110
2020-12-05T10:37:06.575+0330 ERROR record not found for this id: 111
2020-12-05T10:37:06.575+0330 ERROR record not found for this id: 112
2020-12-05T10:37:06.575+0330 ERROR record not found for this id: 113
2020-12-05T10:37:06.575+0330 ERROR record not found for this id: 114
2020-12-05T10:37:06.590+0330 ERROR record not found for this id: 115
2020-12-05T10:37:06.590+0330 ERROR record not found for this id: 116
2020-12-05T10:37:06.590+0330 ERROR record not found for this id: 117
2020-12-05T10:37:06.606+0330 ERROR record not found for this id: 118
2020-12-05T10:37:06.606+0330 ERROR record not found for this id: 119
2020-12-05T10:37:06.606+0330 ERROR record not found for this id: 120
2020-12-05T10:37:06.622+0330 ERROR record not found for this id: 121
2020-12-05T10:37:06.622+0330 ERROR record not found for this id: 122
2020-12-05T10:37:06.637+0330 ERROR record not found for this id: 123
2020-12-05T10:37:06.637+0330 ERROR record not found for this id: 124
2020-12-05T10:37:06.653+0330 ERROR record not found for this id: 125
2020-12-05T10:37:06.653+0330 ERROR record not found for this id: 126
2020-12-05T10:37:06.653+0330 ERROR record not found for this id: 127
2020-12-05T10:37:06.668+0330 ERROR record not found for this id: 128
2020-12-05T10:37:06.668+0330 ERROR record not found for this id: 129
2020-12-05T10:37:06.684+0330 ERROR record not found for this id: 130
2020-12-05T10:37:06.684+0330 ERROR record not found for this id: 131
2020-12-05T10:37:06.700+0330 ERROR record not found for this id: 132
2020-12-05T10:37:06.700+0330 ERROR record not found for this id: 133
2020-12-05T10:37:06.715+0330 ERROR record not found for this id: 134
2020-12-05T10:37:06.715+0330 ERROR record not found for this id: 135
2020-12-05T10:37:06.715+0330 ERROR record not found for this id: 136
2020-12-05T10:37:06.731+0330 ERROR record not found for this id: 137
2020-12-05T10:37:06.731+0330 ERROR record not found for this id: 138
2020-12-05T10:37:06.747+0330 ERROR record not found for this id: 139
2020-12-05T10:37:06.747+0330 ERROR record not found for this id: 140
2020-12-05T10:37:06.762+0330 ERROR record not found for this id: 141
2020-12-05T10:37:06.762+0330 ERROR record not found for this id: 142
2020-12-05T10:37:06.778+0330 ERROR record not found for this id: 143
2020-12-05T10:37:06.778+0330 ERROR record not found for this id: 144
2020-12-05T10:37:06.778+0330 ERROR record not found for this id: 145
2020-12-05T10:37:06.794+0330 ERROR record not found for this id: 146
2020-12-05T10:37:06.794+0330 ERROR record not found for this id: 147
2020-12-05T10:37:06.794+0330 ERROR record not found for this id: 148
2020-12-05T10:37:06.794+0330 ERROR record not found for this id: 149
2020-12-05T10:37:06.809+0330 ERROR record not found for this id: 150
2020-12-05T10:37:06.809+0330 ERROR record not found for this id: 151
2020-12-05T10:37:06.809+0330 ERROR record not found for this id: 152
2020-12-05T10:37:06.825+0330 ERROR record not found for this id: 153
2020-12-05T10:37:06.825+0330 ERROR record not found for this id: 154
2020-12-05T10:37:06.825+0330 ERROR record not found for this id: 155
2020-12-05T10:37:06.825+0330 ERROR record not found for this id: 156
2020-12-05T10:37:06.840+0330 ERROR record not found for this id: 157
2020-12-05T10:37:06.840+0330 ERROR record not found for this id: 158
2020-12-05T10:37:06.840+0330 ERROR record not found for this id: 159
2020-12-05T10:37:06.856+0330 ERROR record not found for this id: 160
2020-12-05T10:37:06.856+0330 ERROR record not found for this id: 161
2020-12-05T10:37:06.856+0330 ERROR record not found for this id: 162
2020-12-05T10:37:06.856+0330 ERROR record not found for this id: 163
2020-12-05T10:37:06.872+0330 ERROR record not found for this id: 164
2020-12-05T10:37:06.872+0330 ERROR record not found for this id: 165
2020-12-05T10:37:06.872+0330 ERROR record not found for this id: 166
2020-12-05T10:37:06.872+0330 ERROR record not found for this id: 167
2020-12-05T10:37:06.887+0330 ERROR record not found for this id: 168
2020-12-05T10:37:06.887+0330 ERROR record not found for this id: 169
2020-12-05T10:37:06.887+0330 ERROR record not found for this id: 170
2020-12-05T10:37:06.903+0330 ERROR record not found for this id: 171
2020-12-05T10:37:06.903+0330 ERROR record not found for this id: 172
2020-12-05T10:37:06.918+0330 ERROR record not found for this id: 173
2020-12-05T10:37:06.918+0330 ERROR record not found for this id: 174
2020-12-05T10:37:06.918+0330 ERROR record not found for this id: 175
2020-12-05T10:37:06.918+0330 ERROR record not found for this id: 176
2020-12-05T10:37:06.934+0330 ERROR record not found for this id: 177
2020-12-05T10:37:06.934+0330 ERROR record not found for this id: 178
2020-12-05T10:37:06.950+0330 ERROR record not found for this id: 179
2020-12-05T10:37:06.965+0330 ERROR record not found for this id: 180
2020-12-05T10:37:06.965+0330 ERROR record not found for this id: 181
2020-12-05T10:37:06.965+0330 ERROR record not found for this id: 182
2020-12-05T10:37:06.981+0330 ERROR record not found for this id: 183
2020-12-05T10:37:06.981+0330 ERROR record not found for this id: 184
2020-12-05T10:37:06.981+0330 ERROR record not found for this id: 185
2020-12-05T10:37:06.997+0330 ERROR record not found for this id: 186
2020-12-05T10:37:06.997+0330 ERROR record not found for this id: 187
2020-12-05T10:37:07.012+0330 ERROR record not found for this id: 188
2020-12-05T10:37:07.012+0330 ERROR record not found for this id: 189
2020-12-05T10:37:07.012+0330 ERROR record not found for this id: 190
2020-12-05T10:37:07.012+0330 ERROR record not found for this id: 191
2020-12-05T10:37:07.028+0330 ERROR record not found for this id: 192
2020-12-05T10:37:07.028+0330 ERROR record not found for this id: 193
2020-12-05T10:37:07.043+0330 ERROR record not found for this id: 194
2020-12-05T10:37:07.043+0330 ERROR record not found for this id: 195
2020-12-05T10:37:07.059+0330 ERROR record not found for this id: 196
2020-12-05T10:37:07.075+0330 ERROR record not found for this id: 197
2020-12-05T10:37:07.090+0330 ERROR record not found for this id: 198
2020-12-05T10:37:07.090+0330 ERROR record not found for this id: 199
2020-12-05T10:37:07.106+0330 ERROR record not found for this id: 200
2020-12-05T10:37:07.106+0330 ERROR record not found for this id: 201
2020-12-05T10:37:07.121+0330 ERROR record not found for this id: 202
2020-12-05T10:37:07.121+0330 ERROR record not found for this id: 203
2020-12-05T10:37:07.121+0330 ERROR record not found for this id: 204
2020-12-05T10:37:07.137+0330 ERROR record not found for this id: 205
2020-12-05T10:37:07.137+0330 ERROR record not found for this id: 206
2020-12-05T10:37:07.137+0330 ERROR record not found for this id: 207
2020-12-05T10:37:07.153+0330 ERROR record not found for this id: 208
2020-12-05T10:37:07.153+0330 ERROR record not found for this id: 209
2020-12-05T10:37:07.153+0330 ERROR record not found for this id: 210
2020-12-05T10:37:07.168+0330 ERROR record not found for this id: 211
2020-12-05T10:37:07.168+0330 ERROR record not found for this id: 212
2020-12-05T10:37:07.168+0330 ERROR record not found for this id: 213
2020-12-05T10:37:07.168+0330 ERROR record not found for this id: 214
2020-12-05T10:37:07.184+0330 ERROR record not found for this id: 215
2020-12-05T10:37:07.184+0330 ERROR record not found for this id: 216
2020-12-05T10:37:07.184+0330 ERROR record not found for this id: 217
2020-12-05T10:37:07.200+0330 ERROR record not found for this id: 218
2020-12-05T10:37:07.200+0330 ERROR record not found for this id: 219
2020-12-05T10:37:07.200+0330 ERROR record not found for this id: 220
2020-12-05T10:37:07.215+0330 ERROR record not found for this id: 221
2020-12-05T10:37:07.215+0330 ERROR record not found for this id: 222
2020-12-05T10:37:07.231+0330 ERROR record not found for this id: 223
2020-12-05T10:37:07.231+0330 ERROR record not found for this id: 224
2020-12-05T10:37:07.246+0330 ERROR record not found for this id: 225
2020-12-05T10:37:07.246+0330 ERROR record not found for this id: 226
2020-12-05T10:37:07.246+0330 ERROR record not found for this id: 227
2020-12-05T10:37:07.262+0330 ERROR record not found for this id: 228
2020-12-05T10:37:07.262+0330 ERROR record not found for this id: 229
2020-12-05T10:37:07.278+0330 ERROR record not found for this id: 230
2020-12-05T10:37:07.278+0330 ERROR record not found for this id: 231
2020-12-05T10:37:07.293+0330 ERROR record not found for this id: 232
2020-12-05T10:37:07.293+0330 ERROR record not found for this id: 233
2020-12-05T10:37:07.293+0330 ERROR record not found for this id: 234
2020-12-05T10:37:07.309+0330 ERROR record not found for this id: 235
2020-12-05T10:37:07.309+0330 ERROR record not found for this id: 236
2020-12-05T10:37:07.325+0330 ERROR record not found for this id: 237
2020-12-05T10:37:07.325+0330 ERROR record not found for this id: 238
2020-12-05T10:37:07.340+0330 ERROR record not found for this id: 239
2020-12-05T10:37:07.340+0330 ERROR record not found for this id: 240
2020-12-05T10:37:07.356+0330 ERROR record not found for this id: 241
2020-12-05T10:37:07.356+0330 ERROR record not found for this id: 242
2020-12-05T10:37:07.371+0330 ERROR record not found for this id: 243
2020-12-05T10:37:07.371+0330 ERROR record not found for this id: 244
2020-12-05T10:37:07.371+0330 ERROR record not found for this id: 245
2020-12-05T10:37:07.387+0330 ERROR record not found for this id: 246
2020-12-05T10:37:07.387+0330 ERROR record not found for this id: 247
2020-12-05T10:37:07.403+0330 ERROR record not found for this id: 248
2020-12-05T10:37:07.403+0330 ERROR record not found for this id: 249
2020-12-05T10:37:07.418+0330 ERROR record not found for this id: 250
2020-12-05T10:37:07.418+0330 ERROR record not found for this id: 251
2020-12-05T10:37:07.418+0330 ERROR record not found for this id: 252
2020-12-05T10:37:07.434+0330 ERROR record not found for this id: 253
2020-12-05T10:37:07.434+0330 ERROR record not found for this id: 254
2020-12-05T10:37:07.434+0330 ERROR record not found for this id: 255
2020-12-05T10:37:07.449+0330 ERROR record not found for this id: 256
2020-12-05T10:37:07.449+0330 ERROR record not found for this id: 257
2020-12-05T10:37:07.449+0330 ERROR record not found for this id: 258
2020-12-05T10:37:07.449+0330 ERROR record not found for this id: 259
2020-12-05T10:37:07.465+0330 ERROR record not found for this id: 260
2020-12-05T10:37:07.465+0330 ERROR record not found for this id: 261
2020-12-05T10:37:07.465+0330 ERROR record not found for this id: 262
2020-12-05T10:37:07.481+0330 ERROR record not found for this id: 263
2020-12-05T10:37:07.481+0330 ERROR record not found for this id: 264
2020-12-05T10:37:07.481+0330 ERROR record not found for this id: 265
2020-12-05T10:37:07.481+0330 ERROR record not found for this id: 266
2020-12-05T10:37:07.496+0330 ERROR record not found for this id: 267
2020-12-05T10:37:07.496+0330 ERROR record not found for this id: 268
2020-12-05T10:37:07.496+0330 ERROR record not found for this id: 269
2020-12-05T10:37:07.512+0330 ERROR record not found for this id: 270
2020-12-05T10:37:07.512+0330 ERROR record not found for this id: 271
2020-12-05T10:39:43.539+0330 ERROR record not found for this id: 272
2020-12-05T10:39:43.544+0330 ERROR record not found for this id: 273
2020-12-05T10:39:43.551+0330 ERROR record not found for this id: 274
2020-12-05T10:39:43.555+0330 ERROR record not found for this id: 275
2020-12-05T10:39:43.559+0330 ERROR record not found for this id: 276
2020-12-05T10:39:43.563+0330 ERROR record not found for this id: 277
2020-12-05T10:39:43.566+0330 ERROR record not found for this id: 278
2020-12-05T10:39:43.571+0330 ERROR record not found for this id: 279
2020-12-05T10:39:43.575+0330 ERROR record not found for this id: 280
2020-12-05T10:39:43.578+0330 ERROR record not found for this id: 281
2020-12-05T10:39:43.582+0330 ERROR record not found for this id: 282
2020-12-05T10:39:43.588+0330 ERROR record not found for this id: 283
2020-12-05T10:39:43.593+0330 ERROR record not found for this id: 284
2020-12-05T10:39:43.598+0330 ERROR record not found for this id: 285
2020-12-05T10:39:43.602+0330 ERROR record not found for this id: 286
2020-12-05T10:39:43.606+0330 ERROR record not found for this id: 287
2020-12-05T10:39:43.610+0330 ERROR record not found for this id: 288
2020-12-05T10:39:43.615+0330 ERROR record not found for this id: 289
2020-12-05T10:39:43.619+0330 ERROR record not found for this id: 290
2020-12-05T10:39:43.623+0330 ERROR record not found for this id: 291
2020-12-05T10:39:43.627+0330 ERROR record not found for this id: 292
2020-12-05T10:39:43.631+0330 ERROR record not found for this id: 293
2020-12-05T10:39:43.635+0330 ERROR record not found for this id: 294
2020-12-05T10:39:43.648+0330 ERROR record not found for this id: 295
2020-12-05T10:39:43.654+0330 ERROR record not found for this id: 296
2020-12-05T10:39:43.659+0330 ERROR record not found for this id: 297
2020-12-05T10:39:43.666+0330 ERROR record not found for this id: 298
2020-12-05T10:39:43.671+0330 ERROR record not found for this id: 299
2020-12-05T11:45:44.849+0330 ERROR objectMapper error
2020-12-05T12:09:23.306+0330 ERROR objectMapper error
2020-12-05T12:17:41.927+0330 ERROR objectMapper error
2020-12-05T12:19:03.746+0330 ERROR objectMapper error
2020-12-05T12:24:15.178+0330 ERROR objectMapper error
2020-12-05T12:27:26.957+0330 ERROR objectMapper error
2020-12-05T17:18:25.306+0330 ERROR record not found for this id: 1
2020-12-05T17:19:08.947+0330 ERROR record not found for this id: 1
2020-12-05T17:24:37.613+0330 ERROR record not found for this id: 1
2020-12-05T17:24:56.536+0330 ERROR record not found for this id: 1
2020-12-05T17:57:44.320+0330 ERROR objectMapper error
2020-12-05T18:08:02.795+0330 ERROR record not found for this id: 620
2020-12-05T18:20:23.272+0330 ERROR - record not found for this id: 620
2020-12-05T18:24:36.783+0330 ERROR - objectMapper error com.fasterxml.jackson.core.JsonParseException: Unrecognized token 'kk': was expecting ('true', 'false' or 'null')
 at [Source: (String)"kk"; line: 1, column: 5]|	at com.fasterxml.jackson.core.JsonParser._constructError(JsonParser.java:1798) ~[jackson-core-2.9.0.jar:2.9.0]|	at com.fasterxml.jackson.core.base.ParserMinimalBase._reportError(ParserMinimalBase.java:673) ~[jackson-core-2.9.0.jar:2.9.0]|	at com.fasterxml.jackson.core.json.ReaderBasedJsonParser._reportInvalidToken(ReaderBasedJsonParser.java:2835) ~[jackson-core-2.9.0.jar:2.9.0]|	at com.fasterxml.jackson.core.json.ReaderBasedJsonParser._handleOddValue(ReaderBasedJsonParser.java:1889) ~[jackson-core-2.9.0.jar:2.9.0]|	at com.fasterxml.jackson.core.json.ReaderBasedJsonParser.nextToken(ReaderBasedJsonParser.java:747) ~[jackson-core-2.9.0.jar:2.9.0]|	at com.fasterxml.jackson.databind.ObjectMapper._initForReading(ObjectMapper.java:4130) ~[jackson-databind-2.9.0.jar:2.9.0]|	at com.fasterxml.jackson.databind.ObjectMapper._readMapAndClose(ObjectMapper.java:3988) ~[jackson-databind-2.9.0.jar:2.9.0]|	at com.fasterxml.jackson.databind.ObjectMapper.readValue(ObjectMapper.java:2992) ~[jackson-databind-2.9.0.jar:2.9.0]|	at com.behsa.usdp.serviceeventdelivery.consumer.EventActionConsumer.listen(EventActionConsumer.java:30) ~[classes/:?]|	at sun.reflect.NativeMethodAccessorImpl.invoke0(Native Method) ~[?:1.8.0_231]|	at sun.reflect.NativeMethodAccessorImpl.invoke(NativeMethodAccessorImpl.java:62) ~[?:1.8.0_231]|	at sun.reflect.DelegatingMethodAccessorImpl.invoke(DelegatingMethodAccessorImpl.java:43) ~[?:1.8.0_231]|	at java.lang.reflect.Method.invoke(Method.java:498) ~[?:1.8.0_231]|	at org.springframework.messaging.handler.invocation.InvocableHandlerMethod.doInvoke(InvocableHandlerMethod.java:171) ~[spring-messaging-5.3.1.jar:5.3.1]|	at org.springframework.messaging.handler.invocation.InvocableHandlerMethod.invoke(InvocableHandlerMethod.java:120) ~[spring-messaging-5.3.1.jar:5.3.1]|	at org.springframework.amqp.rabbit.listener.adapter.HandlerAdapter.invoke(HandlerAdapter.java:53) ~[spring-rabbit-2.3.1.jar:2.3.1]|	at org.springframework.amqp.rabbit.listener.adapter.MessagingMessageListenerAdapter.invokeHandler(MessagingMessageListenerAdapter.java:220) ~[spring-rabbit-2.3.1.jar:2.3.1]|	at org.springframework.amqp.rabbit.listener.adapter.MessagingMessageListenerAdapter.invokeHandlerAndProcessResult(MessagingMessageListenerAdapter.java:148) ~[spring-rabbit-2.3.1.jar:2.3.1]|	at org.springframework.amqp.rabbit.listener.adapter.MessagingMessageListenerAdapter.onMessage(MessagingMessageListenerAdapter.java:133) ~[spring-rabbit-2.3.1.jar:2.3.1]|	at org.springframework.amqp.rabbit.listener.AbstractMessageListenerContainer.doInvokeListener(AbstractMessageListenerContainer.java:1632) ~[spring-rabbit-2.3.1.jar:2.3.1]|	at org.springframework.amqp.rabbit.listener.AbstractMessageListenerContainer.actualInvokeListener(AbstractMessageListenerContainer.java:1551) ~[spring-rabbit-2.3.1.jar:2.3.1]|	at org.springframework.amqp.rabbit.listener.AbstractMessageListenerContainer.invokeListener(AbstractMessageListenerContainer.java:1539) [spring-rabbit-2.3.1.jar:2.3.1]|	at org.springframework.amqp.rabbit.listener.AbstractMessageListenerContainer.doExecuteListener(AbstractMessageListenerContainer.java:1530) [spring-rabbit-2.3.1.jar:2.3.1]|	at org.springframework.amqp.rabbit.listener.AbstractMessageListenerContainer.executeListener(AbstractMessageListenerContainer.java:1474) [spring-rabbit-2.3.1.jar:2.3.1]|	at org.springframework.amqp.rabbit.listener.SimpleMessageListenerContainer.doReceiveAndExecute(SimpleMessageListenerContainer.java:966) [spring-rabbit-2.3.1.jar:2.3.1]|	at org.springframework.amqp.rabbit.listener.SimpleMessageListenerContainer.receiveAndExecute(SimpleMessageListenerContainer.java:912) [spring-rabbit-2.3.1.jar:2.3.1]|	at org.springframework.amqp.rabbit.listener.SimpleMessageListenerContainer.access$1600(SimpleMessageListenerContainer.java:83) [spring-rabbit-2.3.1.jar:2.3.1]|	at org.springframework.amqp.rabbit.listener.SimpleMessageListenerContainer$AsyncMessageProcessingConsumer.mainLoop(SimpleMessageListenerContainer.java:1287) [spring-rabbit-2.3.1.jar:2.3.1]|	at org.springframework.amqp.rabbit.listener.SimpleMessageListenerContainer$AsyncMessageProcessingConsumer.run(SimpleMessageListenerContainer.java:1193) [spring-rabbit-2.3.1.jar:2.3.1]|	at java.lang.Thread.run(Thread.java:748) [?:1.8.0_231]|
2020-12-05T18:26:52.346+0330 ERROR - record not found for this id: 620
